<?xml version="1.0" encoding="UTF-8"?>
<!-- Generated by org.testng.reporters.JUnitXMLReporter -->
<testsuite ignored="0" hostname="Sanket-PC" failures="0" tests="3" name="Test" time="68.205" errors="0" timestamp="2024-02-29T16:59:18 IST">
  <testcase classname="Testcases.OraneHRM.Login" name="LoginTest" time="19.188"/>
  <testcase classname="Testcases.OraneHRM.Login" name="LoginTest" time="20.631"/>
  <testcase classname="Testcases.OraneHRM.Login" name="LoginTest" time="20.576"/>
</testsuite> <!-- Test -->
