<?xml version="1.0" encoding="UTF-8"?>
<testng-results ignored="0" total="3" passed="3" failed="0" skipped="0">
  <reporter-output>
  </reporter-output>
  <suite started-at="2024-02-29T16:58:10 IST" name="Suite" finished-at="2024-02-29T16:59:18 IST" duration-ms="68205">
    <groups>
    </groups>
    <test started-at="2024-02-29T16:58:10 IST" name="Test" finished-at="2024-02-29T16:59:18 IST" duration-ms="68205">
      <class name="Testcases.OraneHRM.Attachments">
        <test-method signature="LoginTest()[pri:0, instance:Testcases.OraneHRM.Attachments@2f112965]" started-at="2024-02-29T16:58:32 IST" name="LoginTest" finished-at="2024-02-29T16:58:53 IST" duration-ms="20631" status="PASS">
          <reporter-output>
          </reporter-output>
        </test-method> <!-- LoginTest -->
        <test-method is-config="true" signature="DeleteAttachment()[pri:0, instance:Testcases.OraneHRM.Attachments@2f112965]" started-at="2024-02-29T16:58:53 IST" name="DeleteAttachment" finished-at="2024-02-29T16:58:55 IST" duration-ms="2054" status="PASS">
          <reporter-output>
          </reporter-output>
        </test-method> <!-- DeleteAttachment -->
      </class> <!-- Testcases.OraneHRM.Attachments -->
      <class name="Testcases.OraneHRM.Jobs">
        <test-method signature="LoginTest()[pri:0, instance:Testcases.OraneHRM.Jobs@1a04f701]" started-at="2024-02-29T16:58:55 IST" name="LoginTest" finished-at="2024-02-29T16:59:16 IST" duration-ms="20576" status="PASS">
          <reporter-output>
          </reporter-output>
        </test-method> <!-- LoginTest -->
        <test-method is-config="true" signature="jobs()[pri:0, instance:Testcases.OraneHRM.Jobs@1a04f701]" started-at="2024-02-29T16:59:16 IST" name="jobs" finished-at="2024-02-29T16:59:18 IST" duration-ms="2492" status="PASS">
          <reporter-output>
          </reporter-output>
        </test-method> <!-- jobs -->
      </class> <!-- Testcases.OraneHRM.Jobs -->
      <class name="Testcases.OraneHRM.Immigration">
        <test-method signature="LoginTest()[pri:0, instance:Testcases.OraneHRM.Immigration@7692d9cc]" started-at="2024-02-29T16:58:10 IST" name="LoginTest" finished-at="2024-02-29T16:58:29 IST" duration-ms="19188" status="PASS">
          <reporter-output>
          </reporter-output>
        </test-method> <!-- LoginTest -->
        <test-method is-config="true" signature="immigrationTest()[pri:0, instance:Testcases.OraneHRM.Immigration@7692d9cc]" started-at="2024-02-29T16:58:29 IST" name="immigrationTest" finished-at="2024-02-29T16:58:32 IST" duration-ms="3225" status="PASS">
          <reporter-output>
          </reporter-output>
        </test-method> <!-- immigrationTest -->
      </class> <!-- Testcases.OraneHRM.Immigration -->
    </test> <!-- Test -->
  </suite> <!-- Suite -->
</testng-results>
