<?xml version="1.0" encoding="UTF-8"?>
<testng-results ignored="0" total="1" passed="1" failed="0" skipped="0">
  <reporter-output>
  </reporter-output>
  <suite started-at="2024-02-29T12:07:02Z" name="Default suite" finished-at="2024-02-29T12:07:21Z" duration-ms="19647">
    <groups>
    </groups>
    <test started-at="2024-02-29T12:07:02Z" name="Default test" finished-at="2024-02-29T12:07:21Z" duration-ms="19647">
      <class name="Testcases.OraneHRM.Attachments">
        <test-method signature="LoginTest()[pri:0, instance:Testcases.OraneHRM.Attachments@1fa1cab1]" started-at="2024-02-29T17:37:02Z" name="LoginTest" finished-at="2024-02-29T17:37:19Z" duration-ms="17303" status="PASS">
          <reporter-output>
          </reporter-output>
        </test-method> <!-- LoginTest -->
        <test-method is-config="true" signature="Attachment()[pri:0, instance:Testcases.OraneHRM.Attachments@1fa1cab1]" started-at="2024-02-29T17:37:19Z" name="Attachment" finished-at="2024-02-29T17:37:21Z" duration-ms="2327" status="PASS">
          <reporter-output>
          </reporter-output>
        </test-method> <!-- Attachment -->
      </class> <!-- Testcases.OraneHRM.Attachments -->
    </test> <!-- Default test -->
  </suite> <!-- Default suite -->
</testng-results>
